<?xml version="1.0" encoding="UTF-8"?>
<!-- Generated by org.testng.reporters.JUnitXMLReporter -->
<testsuite ignored="0" hostname="BISWAJIT2000" failures="3" tests="3" name="Default test" time="12.636" errors="0" timestamp="2023-08-14T17:08:23 IST">
  <testcase classname="io.cucumber.testng.AbstractTestNGCucumberTests" name="runScenario" time="11.038">
    <failure type="java.lang.AssertionError">
      <![CDATA[java.lang.AssertionError
at org.junit.Assert.fail(Assert.java:87)
at org.junit.Assert.assertTrue(Assert.java:42)
at org.junit.Assert.assertTrue(Assert.java:53)
at StepDefination.StepDef.page_title_should_be(StepDef.java:85)
at ✽.Page Title Should Be "Dashboard / nopCommerce administration"(file:///C:/Users/biswa/eclipse-workspace/CucumberFrameWork/./Features/LoginFeature.feature:10)
]]>
    </failure>
  </testcase> <!-- runScenario -->
  <testcase classname="io.cucumber.testng.AbstractTestNGCucumberTests" name="runScenario" time="11.038">
    <failure type="java.lang.AssertionError">
      <![CDATA[java.lang.AssertionError
at org.junit.Assert.fail(Assert.java:87)
at org.junit.Assert.assertTrue(Assert.java:42)
at org.junit.Assert.assertTrue(Assert.java:53)
at StepDefination.StepDef.user_can_view_dash_board(StepDef.java:112)
at ✽.User can view DashBoard(file:///C:/Users/biswa/eclipse-workspace/CucumberFrameWork/./Features/Customer.feature:8)
]]>
    </failure>
  </testcase> <!-- runScenario -->
  <testcase classname="io.cucumber.testng.AbstractTestNGCucumberTests" name="runScenario" time="11.046">
    <failure type="java.lang.AssertionError">
      <![CDATA[java.lang.AssertionError
at org.junit.Assert.fail(Assert.java:87)
at org.junit.Assert.assertTrue(Assert.java:42)
at org.junit.Assert.assertTrue(Assert.java:53)
at StepDefination.StepDef.user_can_view_dash_board(StepDef.java:112)
at ✽.User can view DashBoard(file:///C:/Users/biswa/eclipse-workspace/CucumberFrameWork/./Features/Customer.feature:8)
]]>
    </failure>
  </testcase> <!-- runScenario -->
</testsuite> <!-- Default test -->
